INFO 2022-04-26 09:46:58,405 - 

INFO 2022-04-26 09:46:58,405 -   StayAwake - v2.0
INFO 2022-04-26 09:46:58,405 -   See readme.txt for more details, see EULA.txt for legal info.
INFO 2022-04-26 09:46:58,405 -   Icons made by www.freepik.com from www.flaticon.com.
INFO 2022-04-26 09:46:58,405 -   Developed by Ian Hudson (C)2022 All Rights Reserved.
INFO 2022-04-26 09:46:58,406 - 

DEBUG 2022-04-26 09:47:03,567 - StayAwake is active.
DEBUG 2022-04-26 09:56:38,669 - StayAwake has been deactivated.
INFO 2022-04-26 10:06:57,476 -   StayAwake - v2.0
INFO 2022-04-26 10:06:57,476 -   See readme.txt for more details, see EULA.txt for legal info.
INFO 2022-04-26 10:06:57,476 -   Icons made by www.freepik.com from www.flaticon.com.
INFO 2022-04-26 10:06:57,476 -   Developed by Ian Hudson (C)2022 All Rights Reserved.
DEBUG 2022-04-26 10:07:02,644 - StayAwake is active.
DEBUG 2022-04-26 10:14:39,154 - StayAwake has been deactivated.
INFO 2022-04-26 10:32:51,518 -  StayAwake - v2.0
INFO 2022-04-26 10:32:51,518 -  See readme.txt for more details, see EULA.txt for legal info.
INFO 2022-04-26 10:32:51,518 -  Icons made by www.freepik.com from www.flaticon.com.
INFO 2022-04-26 10:32:51,518 -  Developed by Ian Hudson (C)2022 All Rights Reserved.
DEBUG 2022-04-26 10:32:56,632 - StayAwake is active.
DEBUG 2022-04-26 10:33:03,632 - StayAwake has been deactivated.
